{"total": {"lines":{"total":17749,"covered":14480,"skipped":0,"pct":81.58},"statements":{"total":17749,"covered":14480,"skipped":0,"pct":81.58},"functions":{"total":854,"covered":522,"skipped":0,"pct":61.12},"branches":{"total":2877,"covered":1971,"skipped":0,"pct":68.5},"branchesTrue":{"total":0,"covered":0,"skipped":0,"pct":100}}
,"F:\\laravel\\operations-control-center\\frontend\\app\\error.tsx": {"lines":{"total":43,"covered":43,"skipped":0,"pct":100},"functions":{"total":1,"covered":1,"skipped":0,"pct":100},"statements":{"total":43,"covered":43,"skipped":0,"pct":100},"branches":{"total":3,"covered":3,"skipped":0,"pct":100}}
,"F:\\laravel\\operations-control-center\\frontend\\app\\layout.tsx": {"lines":{"total":36,"covered":22,"skipped":0,"pct":61.11},"functions":{"total":1,"covered":0,"skipped":0,"pct":0},"statements":{"total":36,"covered":22,"skipped":0,"pct":61.11},"branches":{"total":0,"covered":0,"skipped":0,"pct":100}}
,"F:\\laravel\\operations-control-center\\frontend\\app\\page.tsx": {"lines":{"total":49,"covered":34,"skipped":0,"pct":69.38},"functions":{"total":3,"covered":2,"skipped":0,"pct":66.66},"statements":{"total":49,"covered":34,"skipped":0,"pct":69.38},"branches":{"total":9,"covered":7,"skipped":0,"pct":77.77}}
,"F:\\laravel\\operations-control-center\\frontend\\app\\assets\\page.tsx": {"lines":{"total":207,"covered":161,"skipped":0,"pct":77.77},"functions":{"total":8,"covered":1,"skipped":0,"pct":12.5},"statements":{"total":207,"covered":161,"skipped":0,"pct":77.77},"branches":{"total":11,"covered":4,"skipped":0,"pct":36.36}}
,"F:\\laravel\\operations-control-center\\frontend\\app\\assets\\[id]\\page.tsx": {"lines":{"total":157,"covered":109,"skipped":0,"pct":69.42},"functions":{"total":3,"covered":1,"skipped":0,"pct":33.33},"statements":{"total":157,"covered":109,"skipped":0,"pct":69.42},"branches":{"total":13,"covered":6,"skipped":0,"pct":46.15}}
,"F:\\laravel\\operations-control-center\\frontend\\app\\assets\\[id]\\edit\\page.tsx": {"lines":{"total":188,"covered":144,"skipped":0,"pct":76.59},"functions":{"total":5,"covered":5,"skipped":0,"pct":100},"statements":{"total":188,"covered":144,"skipped":0,"pct":76.59},"branches":{"total":52,"covered":29,"skipped":0,"pct":55.76}}
,"F:\\laravel\\operations-control-center\\frontend\\app\\assets\\create\\page.tsx": {"lines":{"total":115,"covered":77,"skipped":0,"pct":66.95},"functions":{"total":4,"covered":3,"skipped":0,"pct":75},"statements":{"total":115,"covered":77,"skipped":0,"pct":66.95},"branches":{"total":14,"covered":6,"skipped":0,"pct":42.85}}
,"F:\\laravel\\operations-control-center\\frontend\\app\\contracts\\page.tsx": {"lines":{"total":252,"covered":195,"skipped":0,"pct":77.38},"functions":{"total":11,"covered":1,"skipped":0,"pct":9.09},"statements":{"total":252,"covered":195,"skipped":0,"pct":77.38},"branches":{"total":11,"covered":4,"skipped":0,"pct":36.36}}
,"F:\\laravel\\operations-control-center\\frontend\\app\\contracts\\[id]\\page.tsx": {"lines":{"total":171,"covered":167,"skipped":0,"pct":97.66},"functions":{"total":10,"covered":6,"skipped":0,"pct":60},"statements":{"total":171,"covered":167,"skipped":0,"pct":97.66},"branches":{"total":22,"covered":22,"skipped":0,"pct":100}}
,"F:\\laravel\\operations-control-center\\frontend\\app\\contracts\\[id]\\edit\\page.tsx": {"lines":{"total":376,"covered":352,"skipped":0,"pct":93.61},"functions":{"total":17,"covered":15,"skipped":0,"pct":88.23},"statements":{"total":376,"covered":352,"skipped":0,"pct":93.61},"branches":{"total":104,"covered":76,"skipped":0,"pct":73.07}}
,"F:\\laravel\\operations-control-center\\frontend\\app\\contracts\\create\\page.tsx": {"lines":{"total":131,"covered":87,"skipped":0,"pct":66.41},"functions":{"total":4,"covered":2,"skipped":0,"pct":50},"statements":{"total":131,"covered":87,"skipped":0,"pct":66.41},"branches":{"total":17,"covered":7,"skipped":0,"pct":41.17}}
,"F:\\laravel\\operations-control-center\\frontend\\app\\dashboard\\page.tsx": {"lines":{"total":88,"covered":88,"skipped":0,"pct":100},"functions":{"total":1,"covered":1,"skipped":0,"pct":100},"statements":{"total":88,"covered":88,"skipped":0,"pct":100},"branches":{"total":5,"covered":4,"skipped":0,"pct":80}}
,"F:\\laravel\\operations-control-center\\frontend\\app\\departments\\page.tsx": {"lines":{"total":213,"covered":144,"skipped":0,"pct":67.6},"functions":{"total":7,"covered":1,"skipped":0,"pct":14.28},"statements":{"total":213,"covered":144,"skipped":0,"pct":67.6},"branches":{"total":14,"covered":1,"skipped":0,"pct":7.14}}
,"F:\\laravel\\operations-control-center\\frontend\\app\\dev\\phase1\\page.tsx": {"lines":{"total":71,"covered":67,"skipped":0,"pct":94.36},"functions":{"total":4,"covered":2,"skipped":0,"pct":50},"statements":{"total":71,"covered":67,"skipped":0,"pct":94.36},"branches":{"total":5,"covered":3,"skipped":0,"pct":60}}
,"F:\\laravel\\operations-control-center\\frontend\\app\\employees\\page.tsx": {"lines":{"total":221,"covered":195,"skipped":0,"pct":88.23},"functions":{"total":20,"covered":1,"skipped":0,"pct":5},"statements":{"total":221,"covered":195,"skipped":0,"pct":88.23},"branches":{"total":10,"covered":4,"skipped":0,"pct":40}}
,"F:\\laravel\\operations-control-center\\frontend\\app\\employees\\[id]\\page.tsx": {"lines":{"total":458,"covered":297,"skipped":0,"pct":64.84},"functions":{"total":11,"covered":4,"skipped":0,"pct":36.36},"statements":{"total":458,"covered":297,"skipped":0,"pct":64.84},"branches":{"total":77,"covered":41,"skipped":0,"pct":53.24}}
,"F:\\laravel\\operations-control-center\\frontend\\app\\employees\\[id]\\edit\\page.tsx": {"lines":{"total":391,"covered":281,"skipped":0,"pct":71.86},"functions":{"total":21,"covered":3,"skipped":0,"pct":14.28},"statements":{"total":391,"covered":281,"skipped":0,"pct":71.86},"branches":{"total":34,"covered":15,"skipped":0,"pct":44.11}}
,"F:\\laravel\\operations-control-center\\frontend\\app\\employees\\create\\page.tsx": {"lines":{"total":364,"covered":266,"skipped":0,"pct":73.07},"functions":{"total":21,"covered":7,"skipped":0,"pct":33.33},"statements":{"total":364,"covered":266,"skipped":0,"pct":73.07},"branches":{"total":30,"covered":17,"skipped":0,"pct":56.66}}
,"F:\\laravel\\operations-control-center\\frontend\\app\\incidents\\page.tsx": {"lines":{"total":216,"covered":162,"skipped":0,"pct":75},"functions":{"total":8,"covered":1,"skipped":0,"pct":12.5},"statements":{"total":216,"covered":162,"skipped":0,"pct":75},"branches":{"total":11,"covered":4,"skipped":0,"pct":36.36}}
,"F:\\laravel\\operations-control-center\\frontend\\app\\incidents\\[id]\\page.tsx": {"lines":{"total":152,"covered":100,"skipped":0,"pct":65.78},"functions":{"total":7,"covered":1,"skipped":0,"pct":14.28},"statements":{"total":152,"covered":100,"skipped":0,"pct":65.78},"branches":{"total":7,"covered":1,"skipped":0,"pct":14.28}}
,"F:\\laravel\\operations-control-center\\frontend\\app\\incidents\\[id]\\edit\\page.tsx": {"lines":{"total":225,"covered":181,"skipped":0,"pct":80.44},"functions":{"total":9,"covered":5,"skipped":0,"pct":55.55},"statements":{"total":225,"covered":181,"skipped":0,"pct":80.44},"branches":{"total":42,"covered":25,"skipped":0,"pct":59.52}}
,"F:\\laravel\\operations-control-center\\frontend\\app\\incidents\\create\\page.tsx": {"lines":{"total":205,"covered":151,"skipped":0,"pct":73.65},"functions":{"total":12,"covered":2,"skipped":0,"pct":16.66},"statements":{"total":205,"covered":151,"skipped":0,"pct":73.65},"branches":{"total":13,"covered":5,"skipped":0,"pct":38.46}}
,"F:\\laravel\\operations-control-center\\frontend\\app\\login\\page.tsx": {"lines":{"total":55,"covered":55,"skipped":0,"pct":100},"functions":{"total":4,"covered":2,"skipped":0,"pct":50},"statements":{"total":55,"covered":55,"skipped":0,"pct":100},"branches":{"total":10,"covered":9,"skipped":0,"pct":90}}
,"F:\\laravel\\operations-control-center\\frontend\\app\\maintenance\\page.tsx": {"lines":{"total":438,"covered":345,"skipped":0,"pct":78.76},"functions":{"total":33,"covered":2,"skipped":0,"pct":6.06},"statements":{"total":438,"covered":345,"skipped":0,"pct":78.76},"branches":{"total":68,"covered":44,"skipped":0,"pct":64.7}}
,"F:\\laravel\\operations-control-center\\frontend\\app\\notification-schedules\\page.tsx": {"lines":{"total":138,"covered":132,"skipped":0,"pct":95.65},"functions":{"total":8,"covered":2,"skipped":0,"pct":25},"statements":{"total":138,"covered":132,"skipped":0,"pct":95.65},"branches":{"total":5,"covered":5,"skipped":0,"pct":100}}
,"F:\\laravel\\operations-control-center\\frontend\\app\\notification-schedules\\[id]\\edit\\page.tsx": {"lines":{"total":64,"covered":64,"skipped":0,"pct":100},"functions":{"total":2,"covered":2,"skipped":0,"pct":100},"statements":{"total":64,"covered":64,"skipped":0,"pct":100},"branches":{"total":2,"covered":2,"skipped":0,"pct":100}}
,"F:\\laravel\\operations-control-center\\frontend\\app\\notification-schedules\\create\\page.tsx": {"lines":{"total":61,"covered":61,"skipped":0,"pct":100},"functions":{"total":2,"covered":2,"skipped":0,"pct":100},"statements":{"total":61,"covered":61,"skipped":0,"pct":100},"branches":{"total":2,"covered":2,"skipped":0,"pct":100}}
,"F:\\laravel\\operations-control-center\\frontend\\app\\notifications\\page.tsx": {"lines":{"total":192,"covered":151,"skipped":0,"pct":78.64},"functions":{"total":11,"covered":4,"skipped":0,"pct":36.36},"statements":{"total":192,"covered":151,"skipped":0,"pct":78.64},"branches":{"total":8,"covered":7,"skipped":0,"pct":87.5}}
,"F:\\laravel\\operations-control-center\\frontend\\app\\notifications\\[id]\\page.tsx": {"lines":{"total":141,"covered":134,"skipped":0,"pct":95.03},"functions":{"total":3,"covered":3,"skipped":0,"pct":100},"statements":{"total":141,"covered":134,"skipped":0,"pct":95.03},"branches":{"total":18,"covered":8,"skipped":0,"pct":44.44}}
,"F:\\laravel\\operations-control-center\\frontend\\app\\shifts\\page.tsx": {"lines":{"total":264,"covered":258,"skipped":0,"pct":97.72},"functions":{"total":14,"covered":7,"skipped":0,"pct":50},"statements":{"total":264,"covered":258,"skipped":0,"pct":97.72},"branches":{"total":47,"covered":42,"skipped":0,"pct":89.36}}
,"F:\\laravel\\operations-control-center\\frontend\\app\\shifts\\[id]\\page.tsx": {"lines":{"total":380,"covered":281,"skipped":0,"pct":73.94},"functions":{"total":12,"covered":5,"skipped":0,"pct":41.66},"statements":{"total":380,"covered":281,"skipped":0,"pct":73.94},"branches":{"total":59,"covered":33,"skipped":0,"pct":55.93}}
,"F:\\laravel\\operations-control-center\\frontend\\app\\tenants\\page.tsx": {"lines":{"total":209,"covered":205,"skipped":0,"pct":98.08},"functions":{"total":13,"covered":11,"skipped":0,"pct":84.61},"statements":{"total":209,"covered":205,"skipped":0,"pct":98.08},"branches":{"total":23,"covered":23,"skipped":0,"pct":100}}
,"F:\\laravel\\operations-control-center\\frontend\\app\\time-off\\page.tsx": {"lines":{"total":253,"covered":173,"skipped":0,"pct":68.37},"functions":{"total":18,"covered":1,"skipped":0,"pct":5.55},"statements":{"total":253,"covered":173,"skipped":0,"pct":68.37},"branches":{"total":10,"covered":4,"skipped":0,"pct":40}}
,"F:\\laravel\\operations-control-center\\frontend\\app\\time-off\\[id]\\page.tsx": {"lines":{"total":325,"covered":281,"skipped":0,"pct":86.46},"functions":{"total":13,"covered":7,"skipped":0,"pct":53.84},"statements":{"total":325,"covered":281,"skipped":0,"pct":86.46},"branches":{"total":59,"covered":32,"skipped":0,"pct":54.23}}
,"F:\\laravel\\operations-control-center\\frontend\\app\\time-off\\create\\page.tsx": {"lines":{"total":222,"covered":170,"skipped":0,"pct":76.57},"functions":{"total":10,"covered":5,"skipped":0,"pct":50},"statements":{"total":222,"covered":170,"skipped":0,"pct":76.57},"branches":{"total":31,"covered":16,"skipped":0,"pct":51.61}}
,"F:\\laravel\\operations-control-center\\frontend\\components\\ActivityFeed.tsx": {"lines":{"total":53,"covered":18,"skipped":0,"pct":33.96},"functions":{"total":1,"covered":1,"skipped":0,"pct":100},"statements":{"total":53,"covered":18,"skipped":0,"pct":33.96},"branches":{"total":3,"covered":1,"skipped":0,"pct":33.33}}
,"F:\\laravel\\operations-control-center\\frontend\\components\\AppChrome.tsx": {"lines":{"total":46,"covered":46,"skipped":0,"pct":100},"functions":{"total":4,"covered":4,"skipped":0,"pct":100},"statements":{"total":46,"covered":46,"skipped":0,"pct":100},"branches":{"total":25,"covered":24,"skipped":0,"pct":96}}
,"F:\\laravel\\operations-control-center\\frontend\\components\\Header.tsx": {"lines":{"total":1,"covered":1,"skipped":0,"pct":100},"functions":{"total":0,"covered":0,"skipped":0,"pct":100},"statements":{"total":1,"covered":1,"skipped":0,"pct":100},"branches":{"total":0,"covered":0,"skipped":0,"pct":100}}
,"F:\\laravel\\operations-control-center\\frontend\\components\\KPICard.tsx": {"lines":{"total":64,"covered":64,"skipped":0,"pct":100},"functions":{"total":4,"covered":4,"skipped":0,"pct":100},"statements":{"total":64,"covered":64,"skipped":0,"pct":100},"branches":{"total":22,"covered":20,"skipped":0,"pct":90.9}}
,"F:\\laravel\\operations-control-center\\frontend\\components\\ProtectedRoute.tsx": {"lines":{"total":22,"covered":22,"skipped":0,"pct":100},"functions":{"total":1,"covered":1,"skipped":0,"pct":100},"statements":{"total":22,"covered":22,"skipped":0,"pct":100},"branches":{"total":7,"covered":7,"skipped":0,"pct":100}}
,"F:\\laravel\\operations-control-center\\frontend\\components\\loading.tsx": {"lines":{"total":40,"covered":40,"skipped":0,"pct":100},"functions":{"total":2,"covered":2,"skipped":0,"pct":100},"statements":{"total":40,"covered":40,"skipped":0,"pct":100},"branches":{"total":2,"covered":2,"skipped":0,"pct":100}}
,"F:\\laravel\\operations-control-center\\frontend\\components\\protected-route.tsx": {"lines":{"total":50,"covered":0,"skipped":0,"pct":0},"functions":{"total":1,"covered":1,"skipped":0,"pct":100},"statements":{"total":50,"covered":0,"skipped":0,"pct":0},"branches":{"total":1,"covered":1,"skipped":0,"pct":100}}
,"F:\\laravel\\operations-control-center\\frontend\\components\\assets\\AssetEditModal.tsx": {"lines":{"total":79,"covered":67,"skipped":0,"pct":84.81},"functions":{"total":1,"covered":1,"skipped":0,"pct":100},"statements":{"total":79,"covered":67,"skipped":0,"pct":84.81},"branches":{"total":13,"covered":3,"skipped":0,"pct":23.07}}
,"F:\\laravel\\operations-control-center\\frontend\\components\\assets\\AssetLifecycleModal.tsx": {"lines":{"total":291,"covered":248,"skipped":0,"pct":85.22},"functions":{"total":14,"covered":10,"skipped":0,"pct":71.42},"statements":{"total":291,"covered":248,"skipped":0,"pct":85.22},"branches":{"total":84,"covered":49,"skipped":0,"pct":58.33}}
,"F:\\laravel\\operations-control-center\\frontend\\components\\assets\\detail\\AssetActions.tsx": {"lines":{"total":81,"covered":67,"skipped":0,"pct":82.71},"functions":{"total":9,"covered":1,"skipped":0,"pct":11.11},"statements":{"total":81,"covered":67,"skipped":0,"pct":82.71},"branches":{"total":3,"covered":1,"skipped":0,"pct":33.33}}
,"F:\\laravel\\operations-control-center\\frontend\\components\\assets\\detail\\AssetAuditTrailSection.tsx": {"lines":{"total":100,"covered":67,"skipped":0,"pct":67},"functions":{"total":5,"covered":0,"skipped":0,"pct":0},"statements":{"total":100,"covered":67,"skipped":0,"pct":67},"branches":{"total":0,"covered":0,"skipped":0,"pct":100}}
,"F:\\laravel\\operations-control-center\\frontend\\components\\assets\\detail\\AssetDescriptionCard.tsx": {"lines":{"total":10,"covered":8,"skipped":0,"pct":80},"functions":{"total":1,"covered":1,"skipped":0,"pct":100},"statements":{"total":10,"covered":8,"skipped":0,"pct":80},"branches":{"total":2,"covered":1,"skipped":0,"pct":50}}
,"F:\\laravel\\operations-control-center\\frontend\\components\\assets\\detail\\AssetDetailsCard.tsx": {"lines":{"total":29,"covered":13,"skipped":0,"pct":44.82},"functions":{"total":1,"covered":1,"skipped":0,"pct":100},"statements":{"total":29,"covered":13,"skipped":0,"pct":44.82},"branches":{"total":5,"covered":1,"skipped":0,"pct":20}}
,"F:\\laravel\\operations-control-center\\frontend\\components\\assets\\detail\\AssetHeader.tsx": {"lines":{"total":12,"covered":10,"skipped":0,"pct":83.33},"functions":{"total":1,"covered":1,"skipped":0,"pct":100},"statements":{"total":12,"covered":10,"skipped":0,"pct":83.33},"branches":{"total":3,"covered":1,"skipped":0,"pct":33.33}}
,"F:\\laravel\\operations-control-center\\frontend\\components\\assets\\detail\\AssetMaintenanceCard.tsx": {"lines":{"total":24,"covered":12,"skipped":0,"pct":50},"functions":{"total":1,"covered":1,"skipped":0,"pct":100},"statements":{"total":24,"covered":12,"skipped":0,"pct":50},"branches":{"total":4,"covered":1,"skipped":0,"pct":25}}
,"F:\\laravel\\operations-control-center\\frontend\\components\\assets\\detail\\AssetMaintenanceLogSection.tsx": {"lines":{"total":163,"covered":163,"skipped":0,"pct":100},"functions":{"total":13,"covered":13,"skipped":0,"pct":100},"statements":{"total":163,"covered":163,"skipped":0,"pct":100},"branches":{"total":26,"covered":25,"skipped":0,"pct":96.15}}
,"F:\\laravel\\operations-control-center\\frontend\\components\\assets\\detail\\AssetMaintenanceScheduleSection.tsx": {"lines":{"total":214,"covered":214,"skipped":0,"pct":100},"functions":{"total":14,"covered":14,"skipped":0,"pct":100},"statements":{"total":214,"covered":214,"skipped":0,"pct":100},"branches":{"total":40,"covered":40,"skipped":0,"pct":100}}
,"F:\\laravel\\operations-control-center\\frontend\\components\\assets\\detail\\AssetOverviewGrid.tsx": {"lines":{"total":54,"covered":44,"skipped":0,"pct":81.48},"functions":{"total":3,"covered":3,"skipped":0,"pct":100},"statements":{"total":54,"covered":44,"skipped":0,"pct":81.48},"branches":{"total":10,"covered":3,"skipped":0,"pct":30}}
,"F:\\laravel\\operations-control-center\\frontend\\components\\assets\\detail\\MaintenanceLogForm.tsx": {"lines":{"total":182,"covered":179,"skipped":0,"pct":98.35},"functions":{"total":8,"covered":6,"skipped":0,"pct":75},"statements":{"total":182,"covered":179,"skipped":0,"pct":98.35},"branches":{"total":35,"covered":20,"skipped":0,"pct":57.14}}
,"F:\\laravel\\operations-control-center\\frontend\\components\\assets\\detail\\MaintenanceScheduleForm.tsx": {"lines":{"total":173,"covered":170,"skipped":0,"pct":98.26},"functions":{"total":7,"covered":6,"skipped":0,"pct":85.71},"statements":{"total":173,"covered":170,"skipped":0,"pct":98.26},"branches":{"total":32,"covered":23,"skipped":0,"pct":71.87}}
,"F:\\laravel\\operations-control-center\\frontend\\components\\common\\ArchivedTenantBanner.tsx": {"lines":{"total":6,"covered":6,"skipped":0,"pct":100},"functions":{"total":1,"covered":1,"skipped":0,"pct":100},"statements":{"total":6,"covered":6,"skipped":0,"pct":100},"branches":{"total":1,"covered":1,"skipped":0,"pct":100}}
,"F:\\laravel\\operations-control-center\\frontend\\components\\common\\ConfirmDialog.tsx": {"lines":{"total":41,"covered":41,"skipped":0,"pct":100},"functions":{"total":1,"covered":1,"skipped":0,"pct":100},"statements":{"total":41,"covered":41,"skipped":0,"pct":100},"branches":{"total":5,"covered":5,"skipped":0,"pct":100}}
,"F:\\laravel\\operations-control-center\\frontend\\components\\common\\DataTable.tsx": {"lines":{"total":103,"covered":96,"skipped":0,"pct":93.2},"functions":{"total":5,"covered":3,"skipped":0,"pct":60},"statements":{"total":103,"covered":96,"skipped":0,"pct":93.2},"branches":{"total":40,"covered":35,"skipped":0,"pct":87.5}}
,"F:\\laravel\\operations-control-center\\frontend\\components\\common\\FilterBar.tsx": {"lines":{"total":84,"covered":84,"skipped":0,"pct":100},"functions":{"total":5,"covered":4,"skipped":0,"pct":80},"statements":{"total":84,"covered":84,"skipped":0,"pct":100},"branches":{"total":21,"covered":16,"skipped":0,"pct":76.19}}
,"F:\\laravel\\operations-control-center\\frontend\\components\\common\\FormBuilder.tsx": {"lines":{"total":96,"covered":94,"skipped":0,"pct":97.91},"functions":{"total":6,"covered":2,"skipped":0,"pct":33.33},"statements":{"total":96,"covered":94,"skipped":0,"pct":97.91},"branches":{"total":19,"covered":15,"skipped":0,"pct":78.94}}
,"F:\\laravel\\operations-control-center\\frontend\\components\\common\\ModalShell.tsx": {"lines":{"total":120,"covered":93,"skipped":0,"pct":77.5},"functions":{"total":3,"covered":3,"skipped":0,"pct":100},"statements":{"total":120,"covered":93,"skipped":0,"pct":77.5},"branches":{"total":25,"covered":19,"skipped":0,"pct":76}}
,"F:\\laravel\\operations-control-center\\frontend\\components\\common\\Pagination.tsx": {"lines":{"total":125,"covered":116,"skipped":0,"pct":92.8},"functions":{"total":9,"covered":7,"skipped":0,"pct":77.77},"statements":{"total":125,"covered":116,"skipped":0,"pct":92.8},"branches":{"total":20,"covered":19,"skipped":0,"pct":95}}
,"F:\\laravel\\operations-control-center\\frontend\\components\\common\\SearchableSelect.tsx": {"lines":{"total":137,"covered":100,"skipped":0,"pct":72.99},"functions":{"total":7,"covered":5,"skipped":0,"pct":71.42},"statements":{"total":137,"covered":100,"skipped":0,"pct":72.99},"branches":{"total":32,"covered":26,"skipped":0,"pct":81.25}}
,"F:\\laravel\\operations-control-center\\frontend\\components\\contracts\\ContractEditModal.tsx": {"lines":{"total":81,"covered":80,"skipped":0,"pct":98.76},"functions":{"total":1,"covered":1,"skipped":0,"pct":100},"statements":{"total":81,"covered":80,"skipped":0,"pct":98.76},"branches":{"total":19,"covered":11,"skipped":0,"pct":57.89}}
,"F:\\laravel\\operations-control-center\\frontend\\components\\contracts\\ContractIncidentCreateModal.tsx": {"lines":{"total":86,"covered":84,"skipped":0,"pct":97.67},"functions":{"total":5,"covered":3,"skipped":0,"pct":60},"statements":{"total":86,"covered":84,"skipped":0,"pct":97.67},"branches":{"total":5,"covered":5,"skipped":0,"pct":100}}
,"F:\\laravel\\operations-control-center\\frontend\\components\\contracts\\ContractIncidentEditModal.tsx": {"lines":{"total":86,"covered":84,"skipped":0,"pct":97.67},"functions":{"total":5,"covered":2,"skipped":0,"pct":40},"statements":{"total":86,"covered":84,"skipped":0,"pct":97.67},"branches":{"total":4,"covered":4,"skipped":0,"pct":100}}
,"F:\\laravel\\operations-control-center\\frontend\\components\\contracts\\detail\\ContractActions.tsx": {"lines":{"total":58,"covered":58,"skipped":0,"pct":100},"functions":{"total":1,"covered":1,"skipped":0,"pct":100},"statements":{"total":58,"covered":58,"skipped":0,"pct":100},"branches":{"total":5,"covered":5,"skipped":0,"pct":100}}
,"F:\\laravel\\operations-control-center\\frontend\\components\\contracts\\detail\\ContractBudgetProgress.tsx": {"lines":{"total":26,"covered":24,"skipped":0,"pct":92.3},"functions":{"total":1,"covered":1,"skipped":0,"pct":100},"statements":{"total":26,"covered":24,"skipped":0,"pct":92.3},"branches":{"total":4,"covered":3,"skipped":0,"pct":75}}
,"F:\\laravel\\operations-control-center\\frontend\\components\\contracts\\detail\\ContractDescriptionCard.tsx": {"lines":{"total":10,"covered":10,"skipped":0,"pct":100},"functions":{"total":1,"covered":1,"skipped":0,"pct":100},"statements":{"total":10,"covered":10,"skipped":0,"pct":100},"branches":{"total":3,"covered":3,"skipped":0,"pct":100}}
,"F:\\laravel\\operations-control-center\\frontend\\components\\contracts\\detail\\ContractHeader.tsx": {"lines":{"total":12,"covered":12,"skipped":0,"pct":100},"functions":{"total":1,"covered":1,"skipped":0,"pct":100},"statements":{"total":12,"covered":12,"skipped":0,"pct":100},"branches":{"total":2,"covered":2,"skipped":0,"pct":100}}
,"F:\\laravel\\operations-control-center\\frontend\\components\\contracts\\detail\\ContractIncidentsPanel.tsx": {"lines":{"total":67,"covered":67,"skipped":0,"pct":100},"functions":{"total":3,"covered":3,"skipped":0,"pct":100},"statements":{"total":67,"covered":67,"skipped":0,"pct":100},"branches":{"total":9,"covered":9,"skipped":0,"pct":100}}
,"F:\\laravel\\operations-control-center\\frontend\\components\\contracts\\detail\\ContractMetadataGrid.tsx": {"lines":{"total":53,"covered":47,"skipped":0,"pct":88.67},"functions":{"total":1,"covered":1,"skipped":0,"pct":100},"statements":{"total":53,"covered":47,"skipped":0,"pct":88.67},"branches":{"total":3,"covered":1,"skipped":0,"pct":33.33}}
,"F:\\laravel\\operations-control-center\\frontend\\components\\contracts\\detail\\ContractTimelineSection.tsx": {"lines":{"total":36,"covered":18,"skipped":0,"pct":50},"functions":{"total":1,"covered":1,"skipped":0,"pct":100},"statements":{"total":36,"covered":18,"skipped":0,"pct":50},"branches":{"total":4,"covered":1,"skipped":0,"pct":25}}
,"F:\\laravel\\operations-control-center\\frontend\\components\\dashboard\\BusinessMetricsSection.tsx": {"lines":{"total":31,"covered":31,"skipped":0,"pct":100},"functions":{"total":1,"covered":1,"skipped":0,"pct":100},"statements":{"total":31,"covered":31,"skipped":0,"pct":100},"branches":{"total":1,"covered":1,"skipped":0,"pct":100}}
,"F:\\laravel\\operations-control-center\\frontend\\components\\dashboard\\DashboardHeader.tsx": {"lines":{"total":48,"covered":21,"skipped":0,"pct":43.75},"functions":{"total":1,"covered":1,"skipped":0,"pct":100},"statements":{"total":48,"covered":21,"skipped":0,"pct":43.75},"branches":{"total":2,"covered":1,"skipped":0,"pct":50}}
,"F:\\laravel\\operations-control-center\\frontend\\components\\dashboard\\MonitoringAlertsSection.tsx": {"lines":{"total":43,"covered":43,"skipped":0,"pct":100},"functions":{"total":2,"covered":2,"skipped":0,"pct":100},"statements":{"total":43,"covered":43,"skipped":0,"pct":100},"branches":{"total":11,"covered":11,"skipped":0,"pct":100}}
,"F:\\laravel\\operations-control-center\\frontend\\components\\dashboard\\OperationalMetricsSection.tsx": {"lines":{"total":60,"covered":60,"skipped":0,"pct":100},"functions":{"total":1,"covered":1,"skipped":0,"pct":100},"statements":{"total":60,"covered":60,"skipped":0,"pct":100},"branches":{"total":1,"covered":1,"skipped":0,"pct":100}}
,"F:\\laravel\\operations-control-center\\frontend\\components\\dashboard\\ReadModelsPanel.tsx": {"lines":{"total":159,"covered":157,"skipped":0,"pct":98.74},"functions":{"total":9,"covered":5,"skipped":0,"pct":55.55},"statements":{"total":159,"covered":157,"skipped":0,"pct":98.74},"branches":{"total":15,"covered":15,"skipped":0,"pct":100}}
,"F:\\laravel\\operations-control-center\\frontend\\components\\dashboard\\RecentActivitySection.tsx": {"lines":{"total":22,"covered":15,"skipped":0,"pct":68.18},"functions":{"total":1,"covered":1,"skipped":0,"pct":100},"statements":{"total":22,"covered":15,"skipped":0,"pct":68.18},"branches":{"total":1,"covered":1,"skipped":0,"pct":100}}
,"F:\\laravel\\operations-control-center\\frontend\\components\\dashboard\\RecentContractsTable.tsx": {"lines":{"total":28,"covered":20,"skipped":0,"pct":71.42},"functions":{"total":1,"covered":1,"skipped":0,"pct":100},"statements":{"total":28,"covered":20,"skipped":0,"pct":71.42},"branches":{"total":1,"covered":1,"skipped":0,"pct":100}}
,"F:\\laravel\\operations-control-center\\frontend\\components\\dashboard\\RecentIncidentsTable.tsx": {"lines":{"total":28,"covered":20,"skipped":0,"pct":71.42},"functions":{"total":1,"covered":1,"skipped":0,"pct":100},"statements":{"total":28,"covered":20,"skipped":0,"pct":71.42},"branches":{"total":1,"covered":1,"skipped":0,"pct":100}}
,"F:\\laravel\\operations-control-center\\frontend\\components\\employees\\EmployeeStatusBadge.tsx": {"lines":{"total":13,"covered":13,"skipped":0,"pct":100},"functions":{"total":1,"covered":1,"skipped":0,"pct":100},"statements":{"total":13,"covered":13,"skipped":0,"pct":100},"branches":{"total":5,"covered":5,"skipped":0,"pct":100}}
,"F:\\laravel\\operations-control-center\\frontend\\components\\header\\GlobalSearchBox.tsx": {"lines":{"total":80,"covered":59,"skipped":0,"pct":73.75},"functions":{"total":7,"covered":3,"skipped":0,"pct":42.85},"statements":{"total":80,"covered":59,"skipped":0,"pct":73.75},"branches":{"total":14,"covered":7,"skipped":0,"pct":50}}
,"F:\\laravel\\operations-control-center\\frontend\\components\\header\\Header.tsx": {"lines":{"total":180,"covered":136,"skipped":0,"pct":75.55},"functions":{"total":8,"covered":4,"skipped":0,"pct":50},"statements":{"total":180,"covered":136,"skipped":0,"pct":75.55},"branches":{"total":29,"covered":23,"skipped":0,"pct":79.31}}
,"F:\\laravel\\operations-control-center\\frontend\\components\\header\\HrMenu.tsx": {"lines":{"total":40,"covered":40,"skipped":0,"pct":100},"functions":{"total":1,"covered":1,"skipped":0,"pct":100},"statements":{"total":40,"covered":40,"skipped":0,"pct":100},"branches":{"total":8,"covered":8,"skipped":0,"pct":100}}
,"F:\\laravel\\operations-control-center\\frontend\\components\\header\\Logo.tsx": {"lines":{"total":36,"covered":36,"skipped":0,"pct":100},"functions":{"total":1,"covered":1,"skipped":0,"pct":100},"statements":{"total":36,"covered":36,"skipped":0,"pct":100},"branches":{"total":1,"covered":1,"skipped":0,"pct":100}}
,"F:\\laravel\\operations-control-center\\frontend\\components\\header\\MainNav.tsx": {"lines":{"total":48,"covered":47,"skipped":0,"pct":97.91},"functions":{"total":1,"covered":1,"skipped":0,"pct":100},"statements":{"total":48,"covered":47,"skipped":0,"pct":97.91},"branches":{"total":8,"covered":7,"skipped":0,"pct":87.5}}
,"F:\\laravel\\operations-control-center\\frontend\\components\\header\\TenantSwitcher.tsx": {"lines":{"total":34,"covered":34,"skipped":0,"pct":100},"functions":{"total":1,"covered":1,"skipped":0,"pct":100},"statements":{"total":34,"covered":34,"skipped":0,"pct":100},"branches":{"total":3,"covered":3,"skipped":0,"pct":100}}
,"F:\\laravel\\operations-control-center\\frontend\\components\\header\\UserSection.tsx": {"lines":{"total":31,"covered":31,"skipped":0,"pct":100},"functions":{"total":1,"covered":1,"skipped":0,"pct":100},"statements":{"total":31,"covered":31,"skipped":0,"pct":100},"branches":{"total":4,"covered":4,"skipped":0,"pct":100}}
,"F:\\laravel\\operations-control-center\\frontend\\components\\header\\navigation.ts": {"lines":{"total":19,"covered":19,"skipped":0,"pct":100},"functions":{"total":2,"covered":2,"skipped":0,"pct":100},"statements":{"total":19,"covered":19,"skipped":0,"pct":100},"branches":{"total":3,"covered":3,"skipped":0,"pct":100}}
,"F:\\laravel\\operations-control-center\\frontend\\components\\hr\\AddListItemModal.tsx": {"lines":{"total":51,"covered":46,"skipped":0,"pct":90.19},"functions":{"total":3,"covered":1,"skipped":0,"pct":33.33},"statements":{"total":51,"covered":46,"skipped":0,"pct":90.19},"branches":{"total":4,"covered":1,"skipped":0,"pct":25}}
,"F:\\laravel\\operations-control-center\\frontend\\components\\incidents\\IncidentEditModal.tsx": {"lines":{"total":101,"covered":95,"skipped":0,"pct":94.05},"functions":{"total":1,"covered":1,"skipped":0,"pct":100},"statements":{"total":101,"covered":95,"skipped":0,"pct":94.05},"branches":{"total":11,"covered":2,"skipped":0,"pct":18.18}}
,"F:\\laravel\\operations-control-center\\frontend\\components\\incidents\\detail\\IncidentActions.tsx": {"lines":{"total":64,"covered":46,"skipped":0,"pct":71.87},"functions":{"total":1,"covered":1,"skipped":0,"pct":100},"statements":{"total":64,"covered":46,"skipped":0,"pct":71.87},"branches":{"total":2,"covered":1,"skipped":0,"pct":50}}
,"F:\\laravel\\operations-control-center\\frontend\\components\\incidents\\detail\\IncidentAssignmentsSection.tsx": {"lines":{"total":27,"covered":12,"skipped":0,"pct":44.44},"functions":{"total":1,"covered":1,"skipped":0,"pct":100},"statements":{"total":27,"covered":12,"skipped":0,"pct":44.44},"branches":{"total":2,"covered":1,"skipped":0,"pct":50}}
,"F:\\laravel\\operations-control-center\\frontend\\components\\incidents\\detail\\IncidentCommentsSection.tsx": {"lines":{"total":64,"covered":47,"skipped":0,"pct":73.43},"functions":{"total":3,"covered":1,"skipped":0,"pct":33.33},"statements":{"total":64,"covered":47,"skipped":0,"pct":73.43},"branches":{"total":3,"covered":1,"skipped":0,"pct":33.33}}
,"F:\\laravel\\operations-control-center\\frontend\\components\\incidents\\detail\\IncidentEscalationModal.tsx": {"lines":{"total":90,"covered":87,"skipped":0,"pct":96.66},"functions":{"total":5,"covered":1,"skipped":0,"pct":20},"statements":{"total":90,"covered":87,"skipped":0,"pct":96.66},"branches":{"total":2,"covered":1,"skipped":0,"pct":50}}
,"F:\\laravel\\operations-control-center\\frontend\\components\\incidents\\detail\\IncidentEscalationsSection.tsx": {"lines":{"total":39,"covered":39,"skipped":0,"pct":100},"functions":{"total":1,"covered":1,"skipped":0,"pct":100},"statements":{"total":39,"covered":39,"skipped":0,"pct":100},"branches":{"total":8,"covered":8,"skipped":0,"pct":100}}
,"F:\\laravel\\operations-control-center\\frontend\\components\\incidents\\detail\\IncidentHeader.tsx": {"lines":{"total":7,"covered":7,"skipped":0,"pct":100},"functions":{"total":1,"covered":1,"skipped":0,"pct":100},"statements":{"total":7,"covered":7,"skipped":0,"pct":100},"branches":{"total":2,"covered":1,"skipped":0,"pct":50}}
,"F:\\laravel\\operations-control-center\\frontend\\components\\incidents\\detail\\IncidentMetadataGrid.tsx": {"lines":{"total":25,"covered":21,"skipped":0,"pct":84},"functions":{"total":1,"covered":1,"skipped":0,"pct":100},"statements":{"total":25,"covered":21,"skipped":0,"pct":84},"branches":{"total":4,"covered":1,"skipped":0,"pct":25}}
,"F:\\laravel\\operations-control-center\\frontend\\components\\incidents\\detail\\IncidentTimelineSection.tsx": {"lines":{"total":25,"covered":12,"skipped":0,"pct":48},"functions":{"total":1,"covered":1,"skipped":0,"pct":100},"statements":{"total":25,"covered":12,"skipped":0,"pct":48},"branches":{"total":2,"covered":1,"skipped":0,"pct":50}}
,"F:\\laravel\\operations-control-center\\frontend\\components\\notifications\\NotificationScheduleForm.tsx": {"lines":{"total":194,"covered":190,"skipped":0,"pct":97.93},"functions":{"total":11,"covered":5,"skipped":0,"pct":45.45},"statements":{"total":194,"covered":190,"skipped":0,"pct":97.93},"branches":{"total":24,"covered":23,"skipped":0,"pct":95.83}}
,"F:\\laravel\\operations-control-center\\frontend\\components\\providers\\ConfirmProvider.tsx": {"lines":{"total":64,"covered":59,"skipped":0,"pct":92.18},"functions":{"total":4,"covered":4,"skipped":0,"pct":100},"statements":{"total":64,"covered":59,"skipped":0,"pct":92.18},"branches":{"total":21,"covered":17,"skipped":0,"pct":80.95}}
,"F:\\laravel\\operations-control-center\\frontend\\components\\providers\\CurrentUserProvider.tsx": {"lines":{"total":46,"covered":45,"skipped":0,"pct":97.82},"functions":{"total":2,"covered":2,"skipped":0,"pct":100},"statements":{"total":46,"covered":45,"skipped":0,"pct":97.82},"branches":{"total":8,"covered":6,"skipped":0,"pct":75}}
,"F:\\laravel\\operations-control-center\\frontend\\components\\providers\\ToastProvider.tsx": {"lines":{"total":64,"covered":60,"skipped":0,"pct":93.75},"functions":{"total":6,"covered":5,"skipped":0,"pct":83.33},"statements":{"total":64,"covered":60,"skipped":0,"pct":93.75},"branches":{"total":16,"covered":14,"skipped":0,"pct":87.5}}
,"F:\\laravel\\operations-control-center\\frontend\\components\\tenants\\TenantArchiveTransferModal.tsx": {"lines":{"total":84,"covered":84,"skipped":0,"pct":100},"functions":{"total":2,"covered":2,"skipped":0,"pct":100},"statements":{"total":84,"covered":84,"skipped":0,"pct":100},"branches":{"total":12,"covered":12,"skipped":0,"pct":100}}
,"F:\\laravel\\operations-control-center\\frontend\\components\\tenants\\TenantFormModal.tsx": {"lines":{"total":67,"covered":66,"skipped":0,"pct":98.5},"functions":{"total":4,"covered":1,"skipped":0,"pct":25},"statements":{"total":67,"covered":66,"skipped":0,"pct":98.5},"branches":{"total":4,"covered":1,"skipped":0,"pct":25}}
,"F:\\laravel\\operations-control-center\\frontend\\components\\tenants\\TenantStatusBadge.tsx": {"lines":{"total":38,"covered":21,"skipped":0,"pct":55.26},"functions":{"total":2,"covered":2,"skipped":0,"pct":100},"statements":{"total":38,"covered":21,"skipped":0,"pct":55.26},"branches":{"total":6,"covered":2,"skipped":0,"pct":33.33}}
,"F:\\laravel\\operations-control-center\\frontend\\hooks\\assets\\useAssetDetail.ts": {"lines":{"total":227,"covered":172,"skipped":0,"pct":75.77},"functions":{"total":4,"covered":3,"skipped":0,"pct":75},"statements":{"total":227,"covered":172,"skipped":0,"pct":75.77},"branches":{"total":40,"covered":26,"skipped":0,"pct":65}}
,"F:\\laravel\\operations-control-center\\frontend\\hooks\\assets\\useAssetMaintenanceLogs.ts": {"lines":{"total":152,"covered":130,"skipped":0,"pct":85.52},"functions":{"total":2,"covered":1,"skipped":0,"pct":50},"statements":{"total":152,"covered":130,"skipped":0,"pct":85.52},"branches":{"total":19,"covered":13,"skipped":0,"pct":68.42}}
,"F:\\laravel\\operations-control-center\\frontend\\hooks\\assets\\useAssetMaintenanceSchedules.ts": {"lines":{"total":156,"covered":134,"skipped":0,"pct":85.89},"functions":{"total":2,"covered":1,"skipped":0,"pct":50},"statements":{"total":156,"covered":134,"skipped":0,"pct":85.89},"branches":{"total":19,"covered":13,"skipped":0,"pct":68.42}}
,"F:\\laravel\\operations-control-center\\frontend\\hooks\\assets\\useAssetManagement.ts": {"lines":{"total":299,"covered":250,"skipped":0,"pct":83.61},"functions":{"total":6,"covered":4,"skipped":0,"pct":66.66},"statements":{"total":299,"covered":250,"skipped":0,"pct":83.61},"branches":{"total":68,"covered":42,"skipped":0,"pct":61.76}}
,"F:\\laravel\\operations-control-center\\frontend\\hooks\\contracts\\useContractDetail.ts": {"lines":{"total":365,"covered":187,"skipped":0,"pct":51.23},"functions":{"total":3,"covered":2,"skipped":0,"pct":66.66},"statements":{"total":365,"covered":187,"skipped":0,"pct":51.23},"branches":{"total":26,"covered":16,"skipped":0,"pct":61.53}}
,"F:\\laravel\\operations-control-center\\frontend\\hooks\\contracts\\useContractManagement.ts": {"lines":{"total":281,"covered":238,"skipped":0,"pct":84.69},"functions":{"total":5,"covered":3,"skipped":0,"pct":60},"statements":{"total":281,"covered":238,"skipped":0,"pct":84.69},"branches":{"total":71,"covered":46,"skipped":0,"pct":64.78}}
,"F:\\laravel\\operations-control-center\\frontend\\hooks\\dashboard\\useDashboardData.ts": {"lines":{"total":341,"covered":265,"skipped":0,"pct":77.71},"functions":{"total":9,"covered":3,"skipped":0,"pct":33.33},"statements":{"total":341,"covered":265,"skipped":0,"pct":77.71},"branches":{"total":63,"covered":30,"skipped":0,"pct":47.61}}
,"F:\\laravel\\operations-control-center\\frontend\\hooks\\dashboard\\useDashboardRealtime.ts": {"lines":{"total":38,"covered":38,"skipped":0,"pct":100},"functions":{"total":3,"covered":3,"skipped":0,"pct":100},"statements":{"total":38,"covered":38,"skipped":0,"pct":100},"branches":{"total":8,"covered":8,"skipped":0,"pct":100}}
,"F:\\laravel\\operations-control-center\\frontend\\hooks\\departments\\useDepartmentManagement.ts": {"lines":{"total":197,"covered":135,"skipped":0,"pct":68.52},"functions":{"total":2,"covered":1,"skipped":0,"pct":50},"statements":{"total":197,"covered":135,"skipped":0,"pct":68.52},"branches":{"total":21,"covered":8,"skipped":0,"pct":38.09}}
,"F:\\laravel\\operations-control-center\\frontend\\hooks\\employees\\useEmployeeManagement.ts": {"lines":{"total":266,"covered":238,"skipped":0,"pct":89.47},"functions":{"total":5,"covered":3,"skipped":0,"pct":60},"statements":{"total":266,"covered":238,"skipped":0,"pct":89.47},"branches":{"total":68,"covered":41,"skipped":0,"pct":60.29}}
,"F:\\laravel\\operations-control-center\\frontend\\hooks\\incidents\\useIncidentDetail.ts": {"lines":{"total":279,"covered":192,"skipped":0,"pct":68.81},"functions":{"total":4,"covered":3,"skipped":0,"pct":75},"statements":{"total":279,"covered":192,"skipped":0,"pct":68.81},"branches":{"total":38,"covered":17,"skipped":0,"pct":44.73}}
,"F:\\laravel\\operations-control-center\\frontend\\hooks\\incidents\\useIncidentManagement.ts": {"lines":{"total":285,"covered":241,"skipped":0,"pct":84.56},"functions":{"total":5,"covered":3,"skipped":0,"pct":60},"statements":{"total":285,"covered":241,"skipped":0,"pct":84.56},"branches":{"total":70,"covered":46,"skipped":0,"pct":65.71}}
,"F:\\laravel\\operations-control-center\\frontend\\hooks\\notifications\\useNotificationDetail.ts": {"lines":{"total":74,"covered":69,"skipped":0,"pct":93.24},"functions":{"total":2,"covered":2,"skipped":0,"pct":100},"statements":{"total":74,"covered":69,"skipped":0,"pct":93.24},"branches":{"total":24,"covered":18,"skipped":0,"pct":75}}
,"F:\\laravel\\operations-control-center\\frontend\\hooks\\notifications\\useNotificationManagement.ts": {"lines":{"total":197,"covered":182,"skipped":0,"pct":92.38},"functions":{"total":3,"covered":3,"skipped":0,"pct":100},"statements":{"total":197,"covered":182,"skipped":0,"pct":92.38},"branches":{"total":44,"covered":24,"skipped":0,"pct":54.54}}
,"F:\\laravel\\operations-control-center\\frontend\\hooks\\notifications\\useNotificationRealtime.ts": {"lines":{"total":25,"covered":25,"skipped":0,"pct":100},"functions":{"total":1,"covered":1,"skipped":0,"pct":100},"statements":{"total":25,"covered":25,"skipped":0,"pct":100},"branches":{"total":8,"covered":8,"skipped":0,"pct":100}}
,"F:\\laravel\\operations-control-center\\frontend\\hooks\\notifications\\useNotificationScheduleForm.ts": {"lines":{"total":233,"covered":209,"skipped":0,"pct":89.69},"functions":{"total":3,"covered":3,"skipped":0,"pct":100},"statements":{"total":233,"covered":209,"skipped":0,"pct":89.69},"branches":{"total":64,"covered":48,"skipped":0,"pct":75}}
,"F:\\laravel\\operations-control-center\\frontend\\hooks\\notifications\\useNotificationScheduleManagement.ts": {"lines":{"total":129,"covered":114,"skipped":0,"pct":88.37},"functions":{"total":2,"covered":2,"skipped":0,"pct":100},"statements":{"total":129,"covered":114,"skipped":0,"pct":88.37},"branches":{"total":23,"covered":16,"skipped":0,"pct":69.56}}
,"F:\\laravel\\operations-control-center\\frontend\\hooks\\notifications\\useUnreadNotificationsCount.ts": {"lines":{"total":71,"covered":57,"skipped":0,"pct":80.28},"functions":{"total":4,"covered":2,"skipped":0,"pct":50},"statements":{"total":71,"covered":57,"skipped":0,"pct":80.28},"branches":{"total":18,"covered":10,"skipped":0,"pct":55.55}}
,"F:\\laravel\\operations-control-center\\frontend\\hooks\\search\\useGlobalSearch.ts": {"lines":{"total":56,"covered":52,"skipped":0,"pct":92.85},"functions":{"total":1,"covered":1,"skipped":0,"pct":100},"statements":{"total":56,"covered":52,"skipped":0,"pct":92.85},"branches":{"total":18,"covered":16,"skipped":0,"pct":88.88}}
,"F:\\laravel\\operations-control-center\\frontend\\hooks\\shifts\\useShiftManagement.ts": {"lines":{"total":184,"covered":133,"skipped":0,"pct":72.28},"functions":{"total":2,"covered":1,"skipped":0,"pct":50},"statements":{"total":184,"covered":133,"skipped":0,"pct":72.28},"branches":{"total":23,"covered":12,"skipped":0,"pct":52.17}}
,"F:\\laravel\\operations-control-center\\frontend\\hooks\\tenants\\useTenantManagement.ts": {"lines":{"total":302,"covered":216,"skipped":0,"pct":71.52},"functions":{"total":2,"covered":2,"skipped":0,"pct":100},"statements":{"total":302,"covered":216,"skipped":0,"pct":71.52},"branches":{"total":33,"covered":16,"skipped":0,"pct":48.48}}
,"F:\\laravel\\operations-control-center\\frontend\\hooks\\timeOff\\useTimeOffManagement.ts": {"lines":{"total":192,"covered":156,"skipped":0,"pct":81.25},"functions":{"total":2,"covered":1,"skipped":0,"pct":50},"statements":{"total":192,"covered":156,"skipped":0,"pct":81.25},"branches":{"total":39,"covered":20,"skipped":0,"pct":51.28}}
,"F:\\laravel\\operations-control-center\\frontend\\lib\\api.ts": {"lines":{"total":64,"covered":14,"skipped":0,"pct":21.87},"functions":{"total":9,"covered":1,"skipped":0,"pct":11.11},"statements":{"total":64,"covered":14,"skipped":0,"pct":21.87},"branches":{"total":1,"covered":1,"skipped":0,"pct":100}}
,"F:\\laravel\\operations-control-center\\frontend\\lib\\auth.ts": {"lines":{"total":73,"covered":69,"skipped":0,"pct":94.52},"functions":{"total":11,"covered":11,"skipped":0,"pct":100},"statements":{"total":73,"covered":69,"skipped":0,"pct":94.52},"branches":{"total":20,"covered":18,"skipped":0,"pct":90}}
,"F:\\laravel\\operations-control-center\\frontend\\lib\\hr-constants.ts": {"lines":{"total":21,"covered":21,"skipped":0,"pct":100},"functions":{"total":0,"covered":0,"skipped":0,"pct":100},"statements":{"total":21,"covered":21,"skipped":0,"pct":100},"branches":{"total":0,"covered":0,"skipped":0,"pct":100}}
,"F:\\laravel\\operations-control-center\\frontend\\lib\\hr-normalizers.ts": {"lines":{"total":87,"covered":84,"skipped":0,"pct":96.55},"functions":{"total":22,"covered":21,"skipped":0,"pct":95.45},"statements":{"total":87,"covered":84,"skipped":0,"pct":96.55},"branches":{"total":67,"covered":60,"skipped":0,"pct":89.55}}
,"F:\\laravel\\operations-control-center\\frontend\\lib\\icons.tsx": {"lines":{"total":41,"covered":41,"skipped":0,"pct":100},"functions":{"total":1,"covered":1,"skipped":0,"pct":100},"statements":{"total":41,"covered":41,"skipped":0,"pct":100},"branches":{"total":1,"covered":1,"skipped":0,"pct":100}}
,"F:\\laravel\\operations-control-center\\frontend\\lib\\notificationsEvents.ts": {"lines":{"total":9,"covered":5,"skipped":0,"pct":55.55},"functions":{"total":1,"covered":0,"skipped":0,"pct":0},"statements":{"total":9,"covered":5,"skipped":0,"pct":55.55},"branches":{"total":0,"covered":0,"skipped":0,"pct":100}}
,"F:\\laravel\\operations-control-center\\frontend\\lib\\permissions.ts": {"lines":{"total":44,"covered":40,"skipped":0,"pct":90.9},"functions":{"total":13,"covered":11,"skipped":0,"pct":84.61},"statements":{"total":44,"covered":40,"skipped":0,"pct":90.9},"branches":{"total":17,"covered":17,"skipped":0,"pct":100}}
,"F:\\laravel\\operations-control-center\\frontend\\lib\\realtime.ts": {"lines":{"total":112,"covered":49,"skipped":0,"pct":43.75},"functions":{"total":5,"covered":2,"skipped":0,"pct":40},"statements":{"total":112,"covered":49,"skipped":0,"pct":43.75},"branches":{"total":11,"covered":8,"skipped":0,"pct":72.72}}
,"F:\\laravel\\operations-control-center\\frontend\\lib\\roles.ts": {"lines":{"total":66,"covered":44,"skipped":0,"pct":66.66},"functions":{"total":11,"covered":8,"skipped":0,"pct":72.72},"statements":{"total":66,"covered":44,"skipped":0,"pct":66.66},"branches":{"total":25,"covered":14,"skipped":0,"pct":56}}
,"F:\\laravel\\operations-control-center\\frontend\\lib\\tenantAccess.ts": {"lines":{"total":12,"covered":8,"skipped":0,"pct":66.66},"functions":{"total":2,"covered":2,"skipped":0,"pct":100},"statements":{"total":12,"covered":8,"skipped":0,"pct":66.66},"branches":{"total":6,"covered":3,"skipped":0,"pct":50}}
,"F:\\laravel\\operations-control-center\\frontend\\lib\\types.ts": {"lines":{"total":0,"covered":0,"skipped":0,"pct":0},"functions":{"total":1,"covered":1,"skipped":0,"pct":0},"statements":{"total":0,"covered":0,"skipped":0,"pct":0},"branches":{"total":1,"covered":1,"skipped":0,"pct":0}}
,"F:\\laravel\\operations-control-center\\frontend\\lib\\ui-messages.ts": {"lines":{"total":3,"covered":3,"skipped":0,"pct":100},"functions":{"total":0,"covered":0,"skipped":0,"pct":100},"statements":{"total":3,"covered":3,"skipped":0,"pct":100},"branches":{"total":0,"covered":0,"skipped":0,"pct":100}}
,"F:\\laravel\\operations-control-center\\frontend\\lib\\api\\assetCategories.ts": {"lines":{"total":4,"covered":0,"skipped":0,"pct":0},"functions":{"total":1,"covered":0,"skipped":0,"pct":0},"statements":{"total":4,"covered":0,"skipped":0,"pct":0},"branches":{"total":1,"covered":0,"skipped":0,"pct":0}}
,"F:\\laravel\\operations-control-center\\frontend\\lib\\api\\assets.ts": {"lines":{"total":98,"covered":98,"skipped":0,"pct":100},"functions":{"total":23,"covered":23,"skipped":0,"pct":100},"statements":{"total":98,"covered":98,"skipped":0,"pct":100},"branches":{"total":23,"covered":23,"skipped":0,"pct":100}}
,"F:\\laravel\\operations-control-center\\frontend\\lib\\api\\client.ts": {"lines":{"total":130,"covered":115,"skipped":0,"pct":88.46},"functions":{"total":11,"covered":10,"skipped":0,"pct":90.9},"statements":{"total":130,"covered":115,"skipped":0,"pct":88.46},"branches":{"total":57,"covered":44,"skipped":0,"pct":77.19}}
,"F:\\laravel\\operations-control-center\\frontend\\lib\\api\\contracts.ts": {"lines":{"total":47,"covered":47,"skipped":0,"pct":100},"functions":{"total":13,"covered":13,"skipped":0,"pct":100},"statements":{"total":47,"covered":47,"skipped":0,"pct":100},"branches":{"total":13,"covered":13,"skipped":0,"pct":100}}
,"F:\\laravel\\operations-control-center\\frontend\\lib\\api\\departments.ts": {"lines":{"total":20,"covered":0,"skipped":0,"pct":0},"functions":{"total":1,"covered":0,"skipped":0,"pct":0},"statements":{"total":20,"covered":0,"skipped":0,"pct":0},"branches":{"total":1,"covered":0,"skipped":0,"pct":0}}
,"F:\\laravel\\operations-control-center\\frontend\\lib\\api\\employees.ts": {"lines":{"total":22,"covered":0,"skipped":0,"pct":0},"functions":{"total":1,"covered":0,"skipped":0,"pct":0},"statements":{"total":22,"covered":0,"skipped":0,"pct":0},"branches":{"total":1,"covered":0,"skipped":0,"pct":0}}
,"F:\\laravel\\operations-control-center\\frontend\\lib\\api\\incidents.ts": {"lines":{"total":52,"covered":52,"skipped":0,"pct":100},"functions":{"total":14,"covered":14,"skipped":0,"pct":100},"statements":{"total":52,"covered":52,"skipped":0,"pct":100},"branches":{"total":14,"covered":14,"skipped":0,"pct":100}}
,"F:\\laravel\\operations-control-center\\frontend\\lib\\api\\metadata.ts": {"lines":{"total":10,"covered":0,"skipped":0,"pct":0},"functions":{"total":1,"covered":0,"skipped":0,"pct":0},"statements":{"total":10,"covered":0,"skipped":0,"pct":0},"branches":{"total":1,"covered":0,"skipped":0,"pct":0}}
,"F:\\laravel\\operations-control-center\\frontend\\lib\\api\\notificationSchedules.ts": {"lines":{"total":27,"covered":0,"skipped":0,"pct":0},"functions":{"total":1,"covered":0,"skipped":0,"pct":0},"statements":{"total":27,"covered":0,"skipped":0,"pct":0},"branches":{"total":1,"covered":0,"skipped":0,"pct":0}}
,"F:\\laravel\\operations-control-center\\frontend\\lib\\api\\notifications.ts": {"lines":{"total":28,"covered":28,"skipped":0,"pct":100},"functions":{"total":6,"covered":6,"skipped":0,"pct":100},"statements":{"total":28,"covered":28,"skipped":0,"pct":100},"branches":{"total":6,"covered":6,"skipped":0,"pct":100}}
,"F:\\laravel\\operations-control-center\\frontend\\lib\\api\\search.ts": {"lines":{"total":4,"covered":0,"skipped":0,"pct":0},"functions":{"total":1,"covered":0,"skipped":0,"pct":0},"statements":{"total":4,"covered":0,"skipped":0,"pct":0},"branches":{"total":1,"covered":0,"skipped":0,"pct":0}}
,"F:\\laravel\\operations-control-center\\frontend\\lib\\api\\shifts.ts": {"lines":{"total":31,"covered":31,"skipped":0,"pct":100},"functions":{"total":7,"covered":7,"skipped":0,"pct":100},"statements":{"total":31,"covered":31,"skipped":0,"pct":100},"branches":{"total":7,"covered":7,"skipped":0,"pct":100}}
,"F:\\laravel\\operations-control-center\\frontend\\lib\\api\\tenants.ts": {"lines":{"total":42,"covered":42,"skipped":0,"pct":100},"functions":{"total":9,"covered":9,"skipped":0,"pct":100},"statements":{"total":42,"covered":42,"skipped":0,"pct":100},"branches":{"total":16,"covered":16,"skipped":0,"pct":100}}
,"F:\\laravel\\operations-control-center\\frontend\\lib\\api\\timeOff.ts": {"lines":{"total":31,"covered":31,"skipped":0,"pct":100},"functions":{"total":6,"covered":6,"skipped":0,"pct":100},"statements":{"total":31,"covered":31,"skipped":0,"pct":100},"branches":{"total":9,"covered":9,"skipped":0,"pct":100}}
,"F:\\laravel\\operations-control-center\\frontend\\lib\\api\\users.ts": {"lines":{"total":7,"covered":3,"skipped":0,"pct":42.85},"functions":{"total":2,"covered":0,"skipped":0,"pct":0},"statements":{"total":7,"covered":3,"skipped":0,"pct":42.85},"branches":{"total":0,"covered":0,"skipped":0,"pct":100}}
,"F:\\laravel\\operations-control-center\\frontend\\lib\\dashboard\\constants.ts": {"lines":{"total":23,"covered":23,"skipped":0,"pct":100},"functions":{"total":0,"covered":0,"skipped":0,"pct":100},"statements":{"total":23,"covered":23,"skipped":0,"pct":100},"branches":{"total":0,"covered":0,"skipped":0,"pct":100}}
,"F:\\laravel\\operations-control-center\\frontend\\lib\\dashboard\\mappers.ts": {"lines":{"total":46,"covered":46,"skipped":0,"pct":100},"functions":{"total":3,"covered":3,"skipped":0,"pct":100},"statements":{"total":46,"covered":46,"skipped":0,"pct":100},"branches":{"total":35,"covered":22,"skipped":0,"pct":62.85}}
,"F:\\laravel\\operations-control-center\\frontend\\lib\\dashboard\\types.ts": {"lines":{"total":0,"covered":0,"skipped":0,"pct":0},"functions":{"total":1,"covered":1,"skipped":0,"pct":0},"statements":{"total":0,"covered":0,"skipped":0,"pct":0},"branches":{"total":1,"covered":1,"skipped":0,"pct":0}}
,"F:\\laravel\\operations-control-center\\frontend\\lib\\formatters\\currency.ts": {"lines":{"total":10,"covered":10,"skipped":0,"pct":100},"functions":{"total":1,"covered":1,"skipped":0,"pct":100},"statements":{"total":10,"covered":10,"skipped":0,"pct":100},"branches":{"total":3,"covered":3,"skipped":0,"pct":100}}
,"F:\\laravel\\operations-control-center\\frontend\\lib\\formatters\\date.ts": {"lines":{"total":158,"covered":135,"skipped":0,"pct":85.44},"functions":{"total":12,"covered":12,"skipped":0,"pct":100},"statements":{"total":158,"covered":135,"skipped":0,"pct":85.44},"branches":{"total":57,"covered":47,"skipped":0,"pct":82.45}}
,"F:\\laravel\\operations-control-center\\frontend\\lib\\formatters\\index.ts": {"lines":{"total":4,"covered":0,"skipped":0,"pct":0},"functions":{"total":1,"covered":1,"skipped":0,"pct":100},"statements":{"total":4,"covered":0,"skipped":0,"pct":0},"branches":{"total":1,"covered":1,"skipped":0,"pct":100}}
,"F:\\laravel\\operations-control-center\\frontend\\lib\\formatters\\notification.ts": {"lines":{"total":20,"covered":2,"skipped":0,"pct":10},"functions":{"total":2,"covered":0,"skipped":0,"pct":0},"statements":{"total":20,"covered":2,"skipped":0,"pct":10},"branches":{"total":0,"covered":0,"skipped":0,"pct":100}}
,"F:\\laravel\\operations-control-center\\frontend\\lib\\formatters\\number.ts": {"lines":{"total":31,"covered":27,"skipped":0,"pct":87.09},"functions":{"total":4,"covered":4,"skipped":0,"pct":100},"statements":{"total":31,"covered":27,"skipped":0,"pct":87.09},"branches":{"total":13,"covered":11,"skipped":0,"pct":84.61}}
,"F:\\laravel\\operations-control-center\\frontend\\lib\\forms\\types.ts": {"lines":{"total":12,"covered":0,"skipped":0,"pct":0},"functions":{"total":1,"covered":1,"skipped":0,"pct":100},"statements":{"total":12,"covered":0,"skipped":0,"pct":0},"branches":{"total":1,"covered":1,"skipped":0,"pct":100}}
,"F:\\laravel\\operations-control-center\\frontend\\lib\\hooks\\useConfirm.ts": {"lines":{"total":4,"covered":0,"skipped":0,"pct":0},"functions":{"total":1,"covered":1,"skipped":0,"pct":100},"statements":{"total":4,"covered":0,"skipped":0,"pct":0},"branches":{"total":1,"covered":1,"skipped":0,"pct":100}}
,"F:\\laravel\\operations-control-center\\frontend\\lib\\hooks\\useCurrentUser.ts": {"lines":{"total":9,"covered":7,"skipped":0,"pct":77.77},"functions":{"total":1,"covered":1,"skipped":0,"pct":100},"statements":{"total":9,"covered":7,"skipped":0,"pct":77.77},"branches":{"total":2,"covered":1,"skipped":0,"pct":50}}
,"F:\\laravel\\operations-control-center\\frontend\\lib\\hooks\\useHRMetadata.ts": {"lines":{"total":41,"covered":41,"skipped":0,"pct":100},"functions":{"total":3,"covered":3,"skipped":0,"pct":100},"statements":{"total":41,"covered":41,"skipped":0,"pct":100},"branches":{"total":12,"covered":11,"skipped":0,"pct":91.66}}
,"F:\\laravel\\operations-control-center\\frontend\\lib\\hooks\\useTenantReadOnly.ts": {"lines":{"total":12,"covered":12,"skipped":0,"pct":100},"functions":{"total":1,"covered":1,"skipped":0,"pct":100},"statements":{"total":12,"covered":12,"skipped":0,"pct":100},"branches":{"total":13,"covered":13,"skipped":0,"pct":100}}
,"F:\\laravel\\operations-control-center\\frontend\\lib\\hooks\\useToast.ts": {"lines":{"total":9,"covered":0,"skipped":0,"pct":0},"functions":{"total":1,"covered":1,"skipped":0,"pct":100},"statements":{"total":9,"covered":0,"skipped":0,"pct":0},"branches":{"total":1,"covered":1,"skipped":0,"pct":100}}
,"F:\\laravel\\operations-control-center\\frontend\\lib\\types\\assets.ts": {"lines":{"total":0,"covered":0,"skipped":0,"pct":0},"functions":{"total":1,"covered":1,"skipped":0,"pct":0},"statements":{"total":0,"covered":0,"skipped":0,"pct":0},"branches":{"total":1,"covered":1,"skipped":0,"pct":0}}
,"F:\\laravel\\operations-control-center\\frontend\\lib\\types\\auth.ts": {"lines":{"total":0,"covered":0,"skipped":0,"pct":0},"functions":{"total":1,"covered":1,"skipped":0,"pct":0},"statements":{"total":0,"covered":0,"skipped":0,"pct":0},"branches":{"total":1,"covered":1,"skipped":0,"pct":0}}
,"F:\\laravel\\operations-control-center\\frontend\\lib\\types\\common.ts": {"lines":{"total":0,"covered":0,"skipped":0,"pct":0},"functions":{"total":1,"covered":1,"skipped":0,"pct":0},"statements":{"total":0,"covered":0,"skipped":0,"pct":0},"branches":{"total":1,"covered":1,"skipped":0,"pct":0}}
,"F:\\laravel\\operations-control-center\\frontend\\lib\\types\\contracts.ts": {"lines":{"total":0,"covered":0,"skipped":0,"pct":0},"functions":{"total":1,"covered":1,"skipped":0,"pct":0},"statements":{"total":0,"covered":0,"skipped":0,"pct":0},"branches":{"total":1,"covered":1,"skipped":0,"pct":0}}
,"F:\\laravel\\operations-control-center\\frontend\\lib\\types\\dashboard.ts": {"lines":{"total":0,"covered":0,"skipped":0,"pct":0},"functions":{"total":1,"covered":1,"skipped":0,"pct":0},"statements":{"total":0,"covered":0,"skipped":0,"pct":0},"branches":{"total":1,"covered":1,"skipped":0,"pct":0}}
,"F:\\laravel\\operations-control-center\\frontend\\lib\\types\\employees.ts": {"lines":{"total":0,"covered":0,"skipped":0,"pct":0},"functions":{"total":1,"covered":1,"skipped":0,"pct":0},"statements":{"total":0,"covered":0,"skipped":0,"pct":0},"branches":{"total":1,"covered":1,"skipped":0,"pct":0}}
,"F:\\laravel\\operations-control-center\\frontend\\lib\\types\\incidents.ts": {"lines":{"total":0,"covered":0,"skipped":0,"pct":0},"functions":{"total":1,"covered":1,"skipped":0,"pct":0},"statements":{"total":0,"covered":0,"skipped":0,"pct":0},"branches":{"total":1,"covered":1,"skipped":0,"pct":0}}
,"F:\\laravel\\operations-control-center\\frontend\\lib\\types\\notifications.ts": {"lines":{"total":0,"covered":0,"skipped":0,"pct":0},"functions":{"total":1,"covered":1,"skipped":0,"pct":0},"statements":{"total":0,"covered":0,"skipped":0,"pct":0},"branches":{"total":1,"covered":1,"skipped":0,"pct":0}}
,"F:\\laravel\\operations-control-center\\frontend\\lib\\types\\search.ts": {"lines":{"total":0,"covered":0,"skipped":0,"pct":0},"functions":{"total":1,"covered":1,"skipped":0,"pct":0},"statements":{"total":0,"covered":0,"skipped":0,"pct":0},"branches":{"total":1,"covered":1,"skipped":0,"pct":0}}
}
